<?xml version="1.0" encoding="UTF-8"?>
<coverage generated="1727692943665" clover="3.2.0">
  <project timestamp="1727692943665" name="All files">
    <metrics statements="71" coveredstatements="66" conditionals="23" coveredconditionals="22" methods="8" coveredmethods="8" elements="102" coveredelements="96" complexity="0" loc="71" ncloc="71" packages="6" files="9" classes="9"/>
    <package name="jest">
      <metrics statements="22" coveredstatements="22" conditionals="4" coveredconditionals="4" methods="4" coveredmethods="4"/>
      <file name="app.js" path="C:\Users\bibek\OneDrive\Desktop\jest\app.js">
        <metrics statements="15" coveredstatements="15" conditionals="4" coveredconditionals="4" methods="1" coveredmethods="1"/>
        <line num="1" count="3" type="stmt"/>
        <line num="2" count="3" type="stmt"/>
        <line num="4" count="3" type="stmt"/>
        <line num="6" count="3" type="stmt"/>
        <line num="7" count="6" type="stmt"/>
        <line num="8" count="6" type="cond" truecount="4" falsecount="0"/>
        <line num="9" count="3" type="stmt"/>
        <line num="10" count="3" type="stmt"/>
        <line num="12" count="3" type="stmt"/>
        <line num="13" count="3" type="stmt"/>
        <line num="16" count="3" type="stmt"/>
        <line num="17" count="3" type="stmt"/>
        <line num="19" count="3" type="stmt"/>
        <line num="20" count="3" type="stmt"/>
        <line num="22" count="3" type="stmt"/>
      </file>
      <file name="array.js" path="C:\Users\bibek\OneDrive\Desktop\jest\array.js">
        <metrics statements="3" coveredstatements="3" conditionals="0" coveredconditionals="0" methods="1" coveredmethods="1"/>
        <line num="1" count="1" type="stmt"/>
        <line num="2" count="2" type="stmt"/>
        <line num="5" count="1" type="stmt"/>
      </file>
      <file name="subtract.js" path="C:\Users\bibek\OneDrive\Desktop\jest\subtract.js">
        <metrics statements="2" coveredstatements="2" conditionals="0" coveredconditionals="0" methods="1" coveredmethods="1"/>
        <line num="2" count="1" type="stmt"/>
        <line num="5" count="1" type="stmt"/>
      </file>
      <file name="sum.js" path="C:\Users\bibek\OneDrive\Desktop\jest\sum.js">
        <metrics statements="2" coveredstatements="2" conditionals="0" coveredconditionals="0" methods="1" coveredmethods="1"/>
        <line num="2" count="1" type="stmt"/>
        <line num="4" count="1" type="stmt"/>
      </file>
    </package>
    <package name="jest.controller.admin">
      <metrics statements="12" coveredstatements="10" conditionals="6" coveredconditionals="6" methods="1" coveredmethods="1"/>
      <file name="productController.js" path="C:\Users\bibek\OneDrive\Desktop\jest\controller\admin\productController.js">
        <metrics statements="12" coveredstatements="10" conditionals="6" coveredconditionals="6" methods="1" coveredmethods="1"/>
        <line num="1" count="3" type="stmt"/>
        <line num="3" count="3" type="stmt"/>
        <line num="4" count="4" type="stmt"/>
        <line num="6" count="4" type="cond" truecount="6" falsecount="0"/>
        <line num="7" count="3" type="stmt"/>
        <line num="12" count="1" type="stmt"/>
        <line num="37" count="1" type="stmt"/>
        <line num="40" count="1" type="stmt"/>
        <line num="42" count="1" type="stmt"/>
        <line num="47" count="0" type="stmt"/>
        <line num="48" count="0" type="stmt"/>
        <line num="116" count="3" type="stmt"/>
      </file>
    </package>
    <package name="jest.controller.auth">
      <metrics statements="20" coveredstatements="18" conditionals="11" coveredconditionals="11" methods="2" coveredmethods="2"/>
      <file name="authController.js" path="C:\Users\bibek\OneDrive\Desktop\jest\controller\auth\authController.js">
        <metrics statements="20" coveredstatements="18" conditionals="11" coveredconditionals="11" methods="2" coveredmethods="2"/>
        <line num="1" count="3" type="stmt"/>
        <line num="4" count="3" type="stmt"/>
        <line num="5" count="3" type="cond" truecount="2" falsecount="0"/>
        <line num="8" count="3" type="stmt"/>
        <line num="9" count="7" type="stmt"/>
        <line num="11" count="7" type="cond" truecount="5" falsecount="0"/>
        <line num="12" count="4" type="stmt"/>
        <line num="18" count="3" type="cond" truecount="2" falsecount="0"/>
        <line num="19" count="1" type="stmt"/>
        <line num="24" count="2" type="stmt"/>
        <line num="39" count="2" type="stmt"/>
        <line num="40" count="2" type="stmt"/>
        <line num="42" count="2" type="cond" truecount="2" falsecount="0"/>
        <line num="43" count="1" type="stmt"/>
        <line num="48" count="1" type="stmt"/>
        <line num="52" count="1" type="stmt"/>
        <line num="53" count="1" type="stmt"/>
        <line num="59" count="0" type="stmt"/>
        <line num="60" count="0" type="stmt"/>
        <line num="66" count="3" type="stmt"/>
      </file>
    </package>
    <package name="jest.database">
      <metrics statements="7" coveredstatements="6" conditionals="2" coveredconditionals="1" methods="1" coveredmethods="1"/>
      <file name="connection.js" path="C:\Users\bibek\OneDrive\Desktop\jest\database\connection.js">
        <metrics statements="7" coveredstatements="6" conditionals="2" coveredconditionals="1" methods="1" coveredmethods="1"/>
        <line num="2" count="3" type="stmt"/>
        <line num="4" count="3" type="stmt"/>
        <line num="18" count="3" type="stmt"/>
        <line num="19" count="3" type="cond" truecount="1" falsecount="1"/>
        <line num="20" count="0" type="stmt"/>
        <line num="22" count="3" type="stmt"/>
        <line num="28" count="3" type="stmt"/>
      </file>
    </package>
    <package name="jest.route.admin">
      <metrics statements="5" coveredstatements="5" conditionals="0" coveredconditionals="0" methods="0" coveredmethods="0"/>
      <file name="productRoute.js" path="C:\Users\bibek\OneDrive\Desktop\jest\route\admin\productRoute.js">
        <metrics statements="5" coveredstatements="5" conditionals="0" coveredconditionals="0" methods="0" coveredmethods="0"/>
        <line num="1" count="3" type="stmt"/>
        <line num="2" count="3" type="stmt"/>
        <line num="3" count="3" type="stmt"/>
        <line num="5" count="3" type="stmt"/>
        <line num="7" count="3" type="stmt"/>
      </file>
    </package>
    <package name="jest.route.auth">
      <metrics statements="5" coveredstatements="5" conditionals="0" coveredconditionals="0" methods="0" coveredmethods="0"/>
      <file name="authRoute.js" path="C:\Users\bibek\OneDrive\Desktop\jest\route\auth\authRoute.js">
        <metrics statements="5" coveredstatements="5" conditionals="0" coveredconditionals="0" methods="0" coveredmethods="0"/>
        <line num="1" count="3" type="stmt"/>
        <line num="2" count="3" type="stmt"/>
        <line num="3" count="3" type="stmt"/>
        <line num="5" count="3" type="stmt"/>
        <line num="7" count="3" type="stmt"/>
      </file>
    </package>
  </project>
</coverage>
