{"C:\\Users\\bibek\\OneDrive\\Desktop\\jest\\app.js": {"path":"C:\\Users\\bibek\\OneDrive\\Desktop\\jest\\app.js","statementMap":{"0":{"start":{"line":1,"column":16},"end":{"line":1,"column":34}},"1":{"start":{"line":2,"column":12},"end":{"line":2,"column":21}},"2":{"start":{"line":4,"column":0},"end":{"line":4,"column":23}},"3":{"start":{"line":6,"column":0},"end":{"line":14,"column":3}},"4":{"start":{"line":7,"column":35},"end":{"line":7,"column":43}},"5":{"start":{"line":8,"column":4},"end":{"line":11,"column":5}},"6":{"start":{"line":9,"column":8},"end":{"line":9,"column":28}},"7":{"start":{"line":10,"column":8},"end":{"line":10,"column":15}},"8":{"start":{"line":12,"column":4},"end":{"line":12,"column":40}},"9":{"start":{"line":13,"column":4},"end":{"line":13,"column":10}},"10":{"start":{"line":16,"column":22},"end":{"line":16,"column":55}},"11":{"start":{"line":17,"column":26},"end":{"line":17,"column":63}},"12":{"start":{"line":19,"column":0},"end":{"line":19,"column":38}},"13":{"start":{"line":20,"column":0},"end":{"line":20,"column":43}},"14":{"start":{"line":22,"column":0},"end":{"line":22,"column":20}}},"fnMap":{"0":{"name":"(anonymous_0)","decl":{"start":{"line":6,"column":19},"end":{"line":6,"column":20}},"loc":{"start":{"line":6,"column":39},"end":{"line":14,"column":1}},"line":6}},"branchMap":{"0":{"loc":{"start":{"line":8,"column":4},"end":{"line":11,"column":5}},"type":"if","locations":[{"start":{"line":8,"column":4},"end":{"line":11,"column":5}},{"start":{},"end":{}}],"line":8},"1":{"loc":{"start":{"line":8,"column":8},"end":{"line":8,"column":30}},"type":"binary-expr","locations":[{"start":{"line":8,"column":8},"end":{"line":8,"column":17}},{"start":{"line":8,"column":21},"end":{"line":8,"column":30}}],"line":8}},"s":{"0":3,"1":3,"2":3,"3":3,"4":6,"5":6,"6":3,"7":3,"8":3,"9":3,"10":3,"11":3,"12":3,"13":3,"14":3},"f":{"0":6},"b":{"0":[3,3],"1":[6,4]},"_coverageSchema":"1a1c01bbd47fc00a2c39e90264f33305004495a9","hash":"2f624ee6a99aecd67b3b35f3c669253079b43453"}
,"C:\\Users\\bibek\\OneDrive\\Desktop\\jest\\array.js": {"path":"C:\\Users\\bibek\\OneDrive\\Desktop\\jest\\array.js","statementMap":{"0":{"start":{"line":1,"column":14},"end":{"line":3,"column":1}},"1":{"start":{"line":2,"column":4},"end":{"line":2,"column":21}},"2":{"start":{"line":5,"column":0},"end":{"line":5,"column":22}}},"fnMap":{"0":{"name":"(anonymous_0)","decl":{"start":{"line":1,"column":14},"end":{"line":1,"column":15}},"loc":{"start":{"line":1,"column":25},"end":{"line":3,"column":1}},"line":1}},"branchMap":{},"s":{"0":1,"1":2,"2":1},"f":{"0":2},"b":{},"_coverageSchema":"1a1c01bbd47fc00a2c39e90264f33305004495a9","hash":"d2e331da7e0af79c2edd39145bd9255b7e16c1a7"}
,"C:\\Users\\bibek\\OneDrive\\Desktop\\jest\\subtract.js": {"path":"C:\\Users\\bibek\\OneDrive\\Desktop\\jest\\subtract.js","statementMap":{"0":{"start":{"line":2,"column":4},"end":{"line":2,"column":16}},"1":{"start":{"line":5,"column":0},"end":{"line":5,"column":25}}},"fnMap":{"0":{"name":"subtract","decl":{"start":{"line":1,"column":9},"end":{"line":1,"column":17}},"loc":{"start":{"line":1,"column":24},"end":{"line":3,"column":1}},"line":1}},"branchMap":{},"s":{"0":1,"1":1},"f":{"0":1},"b":{},"_coverageSchema":"1a1c01bbd47fc00a2c39e90264f33305004495a9","hash":"6b8fbcb2c19c3e88ddb82eb1c0868dcf84e17998"}
,"C:\\Users\\bibek\\OneDrive\\Desktop\\jest\\sum.js": {"path":"C:\\Users\\bibek\\OneDrive\\Desktop\\jest\\sum.js","statementMap":{"0":{"start":{"line":2,"column":4},"end":{"line":2,"column":17}},"1":{"start":{"line":4,"column":0},"end":{"line":4,"column":20}}},"fnMap":{"0":{"name":"sum","decl":{"start":{"line":1,"column":9},"end":{"line":1,"column":12}},"loc":{"start":{"line":1,"column":19},"end":{"line":3,"column":1}},"line":1}},"branchMap":{},"s":{"0":1,"1":1},"f":{"0":1},"b":{},"_coverageSchema":"1a1c01bbd47fc00a2c39e90264f33305004495a9","hash":"f5ccc2790ae365474b39cdc6379b258ae2676dc4"}
,"C:\\Users\\bibek\\OneDrive\\Desktop\\jest\\controller\\admin\\productController.js": {"path":"C:\\Users\\bibek\\OneDrive\\Desktop\\jest\\controller\\admin\\productController.js","statementMap":{"0":{"start":{"line":1,"column":13},"end":{"line":1,"column":49}},"1":{"start":{"line":3,"column":19},"end":{"line":52,"column":1}},"2":{"start":{"line":4,"column":72},"end":{"line":4,"column":80}},"3":{"start":{"line":6,"column":4},"end":{"line":10,"column":5}},"4":{"start":{"line":7,"column":8},"end":{"line":9,"column":11}},"5":{"start":{"line":12,"column":4},"end":{"line":51,"column":5}},"6":{"start":{"line":37,"column":35},"end":{"line":39,"column":9}},"7":{"start":{"line":40,"column":25},"end":{"line":40,"column":120}},"8":{"start":{"line":42,"column":8},"end":{"line":45,"column":11}},"9":{"start":{"line":47,"column":8},"end":{"line":47,"column":27}},"10":{"start":{"line":48,"column":8},"end":{"line":50,"column":11}},"11":{"start":{"line":116,"column":0},"end":{"line":119,"column":1}}},"fnMap":{"0":{"name":"(anonymous_0)","decl":{"start":{"line":3,"column":19},"end":{"line":3,"column":20}},"loc":{"start":{"line":3,"column":39},"end":{"line":52,"column":1}},"line":3}},"branchMap":{"0":{"loc":{"start":{"line":6,"column":4},"end":{"line":10,"column":5}},"type":"if","locations":[{"start":{"line":6,"column":4},"end":{"line":10,"column":5}},{"start":{},"end":{}}],"line":6},"1":{"loc":{"start":{"line":6,"column":8},"end":{"line":6,"column":73}},"type":"binary-expr","locations":[{"start":{"line":6,"column":8},"end":{"line":6,"column":20}},{"start":{"line":6,"column":24},"end":{"line":6,"column":30}},{"start":{"line":6,"column":34},"end":{"line":6,"column":53}},{"start":{"line":6,"column":57},"end":{"line":6,"column":73}}],"line":6}},"s":{"0":3,"1":3,"2":4,"3":4,"4":3,"5":1,"6":1,"7":1,"8":1,"9":0,"10":0,"11":3},"f":{"0":4},"b":{"0":[3,1],"1":[4,2,2,2]},"_coverageSchema":"1a1c01bbd47fc00a2c39e90264f33305004495a9","hash":"aab28ad8911e2540035c39860f5cdc22ae4e02f0"}
,"C:\\Users\\bibek\\OneDrive\\Desktop\\jest\\controller\\auth\\authController.js": {"path":"C:\\Users\\bibek\\OneDrive\\Desktop\\jest\\controller\\auth\\authController.js","statementMap":{"0":{"start":{"line":1,"column":13},"end":{"line":1,"column":49}},"1":{"start":{"line":4,"column":22},"end":{"line":4,"column":72}},"2":{"start":{"line":5,"column":4},"end":{"line":5,"column":52}},"3":{"start":{"line":8,"column":19},"end":{"line":64,"column":1}},"4":{"start":{"line":9,"column":42},"end":{"line":9,"column":50}},"5":{"start":{"line":11,"column":4},"end":{"line":15,"column":5}},"6":{"start":{"line":12,"column":8},"end":{"line":14,"column":11}},"7":{"start":{"line":18,"column":4},"end":{"line":22,"column":5}},"8":{"start":{"line":19,"column":8},"end":{"line":21,"column":11}},"9":{"start":{"line":24,"column":4},"end":{"line":63,"column":5}},"10":{"start":{"line":39,"column":36},"end":{"line":39,"column":77}},"11":{"start":{"line":40,"column":30},"end":{"line":40,"column":76}},"12":{"start":{"line":42,"column":8},"end":{"line":46,"column":9}},"13":{"start":{"line":43,"column":12},"end":{"line":45,"column":15}},"14":{"start":{"line":48,"column":30},"end":{"line":51,"column":9}},"15":{"start":{"line":52,"column":25},"end":{"line":52,"column":85}},"16":{"start":{"line":53,"column":8},"end":{"line":56,"column":11}},"17":{"start":{"line":59,"column":8},"end":{"line":59,"column":29}},"18":{"start":{"line":60,"column":8},"end":{"line":62,"column":11}},"19":{"start":{"line":66,"column":0},"end":{"line":68,"column":2}}},"fnMap":{"0":{"name":"isEmail","decl":{"start":{"line":3,"column":9},"end":{"line":3,"column":16}},"loc":{"start":{"line":3,"column":24},"end":{"line":6,"column":1}},"line":3},"1":{"name":"(anonymous_1)","decl":{"start":{"line":8,"column":19},"end":{"line":8,"column":20}},"loc":{"start":{"line":8,"column":39},"end":{"line":64,"column":1}},"line":8}},"branchMap":{"0":{"loc":{"start":{"line":5,"column":11},"end":{"line":5,"column":51}},"type":"binary-expr","locations":[{"start":{"line":5,"column":11},"end":{"line":5,"column":23}},{"start":{"line":5,"column":27},"end":{"line":5,"column":51}}],"line":5},"1":{"loc":{"start":{"line":11,"column":4},"end":{"line":15,"column":5}},"type":"if","locations":[{"start":{"line":11,"column":4},"end":{"line":15,"column":5}},{"start":{},"end":{}}],"line":11},"2":{"loc":{"start":{"line":11,"column":8},"end":{"line":11,"column":40}},"type":"binary-expr","locations":[{"start":{"line":11,"column":8},"end":{"line":11,"column":14}},{"start":{"line":11,"column":18},"end":{"line":11,"column":27}},{"start":{"line":11,"column":31},"end":{"line":11,"column":40}}],"line":11},"3":{"loc":{"start":{"line":18,"column":4},"end":{"line":22,"column":5}},"type":"if","locations":[{"start":{"line":18,"column":4},"end":{"line":22,"column":5}},{"start":{},"end":{}}],"line":18},"4":{"loc":{"start":{"line":42,"column":8},"end":{"line":46,"column":9}},"type":"if","locations":[{"start":{"line":42,"column":8},"end":{"line":46,"column":9}},{"start":{},"end":{}}],"line":42}},"s":{"0":3,"1":3,"2":3,"3":3,"4":7,"5":7,"6":4,"7":3,"8":1,"9":2,"10":2,"11":2,"12":2,"13":1,"14":1,"15":1,"16":1,"17":0,"18":0,"19":3},"f":{"0":3,"1":7},"b":{"0":[3,3],"1":[4,3],"2":[7,4,3],"3":[1,2],"4":[1,1]},"_coverageSchema":"1a1c01bbd47fc00a2c39e90264f33305004495a9","hash":"1e185b9c133ac4c86c6c37d8f6f5384c173416a4"}
,"C:\\Users\\bibek\\OneDrive\\Desktop\\jest\\database\\connection.js": {"path":"C:\\Users\\bibek\\OneDrive\\Desktop\\jest\\database\\connection.js","statementMap":{"0":{"start":{"line":2,"column":14},"end":{"line":2,"column":31}},"1":{"start":{"line":4,"column":13},"end":{"line":16,"column":2}},"2":{"start":{"line":18,"column":0},"end":{"line":26,"column":1}},"3":{"start":{"line":19,"column":4},"end":{"line":24,"column":5}},"4":{"start":{"line":20,"column":8},"end":{"line":20,"column":54}},"5":{"start":{"line":22,"column":8},"end":{"line":22,"column":48}},"6":{"start":{"line":28,"column":0},"end":{"line":28,"column":32}}},"fnMap":{"0":{"name":"(anonymous_0)","decl":{"start":{"line":18,"column":19},"end":{"line":18,"column":20}},"loc":{"start":{"line":18,"column":40},"end":{"line":25,"column":1}},"line":18}},"branchMap":{"0":{"loc":{"start":{"line":19,"column":4},"end":{"line":24,"column":5}},"type":"if","locations":[{"start":{"line":19,"column":4},"end":{"line":24,"column":5}},{"start":{"line":21,"column":11},"end":{"line":24,"column":5}}],"line":19}},"s":{"0":3,"1":3,"2":3,"3":3,"4":0,"5":3,"6":3},"f":{"0":3},"b":{"0":[0,3]},"_coverageSchema":"1a1c01bbd47fc00a2c39e90264f33305004495a9","hash":"8264019b140764aa6876ce9d1ccd898405d99304"}
,"C:\\Users\\bibek\\OneDrive\\Desktop\\jest\\route\\admin\\productRoute.js": {"path":"C:\\Users\\bibek\\OneDrive\\Desktop\\jest\\route\\admin\\productRoute.js","statementMap":{"0":{"start":{"line":1,"column":16},"end":{"line":1,"column":34}},"1":{"start":{"line":2,"column":38},"end":{"line":2,"column":89}},"2":{"start":{"line":3,"column":15},"end":{"line":3,"column":31}},"3":{"start":{"line":5,"column":0},"end":{"line":5,"column":41}},"4":{"start":{"line":7,"column":0},"end":{"line":7,"column":23}}},"fnMap":{},"branchMap":{},"s":{"0":3,"1":3,"2":3,"3":3,"4":3},"f":{},"b":{},"_coverageSchema":"1a1c01bbd47fc00a2c39e90264f33305004495a9","hash":"9cb989d2fb195ed2b27e978bcf8e4f0b0bf89e8e"}
,"C:\\Users\\bibek\\OneDrive\\Desktop\\jest\\route\\auth\\authRoute.js": {"path":"C:\\Users\\bibek\\OneDrive\\Desktop\\jest\\route\\auth\\authRoute.js","statementMap":{"0":{"start":{"line":1,"column":16},"end":{"line":1,"column":34}},"1":{"start":{"line":2,"column":23},"end":{"line":2,"column":70}},"2":{"start":{"line":3,"column":15},"end":{"line":3,"column":31}},"3":{"start":{"line":5,"column":0},"end":{"line":5,"column":41}},"4":{"start":{"line":7,"column":0},"end":{"line":7,"column":23}}},"fnMap":{},"branchMap":{},"s":{"0":3,"1":3,"2":3,"3":3,"4":3},"f":{},"b":{},"_coverageSchema":"1a1c01bbd47fc00a2c39e90264f33305004495a9","hash":"df6235ac0a302f8de60580dae902b962faebac8a"}
}
