TN:
SF:app.js
FN:6,(anonymous_0)
FNF:1
FNH:1
FNDA:6,(anonymous_0)
DA:1,3
DA:2,3
DA:4,3
DA:6,3
DA:7,6
DA:8,6
DA:9,3
DA:10,3
DA:12,3
DA:13,3
DA:16,3
DA:17,3
DA:19,3
DA:20,3
DA:22,3
LF:15
LH:15
BRDA:8,0,0,3
BRDA:8,0,1,3
BRDA:8,1,0,6
BRDA:8,1,1,4
BRF:4
BRH:4
end_of_record
TN:
SF:array.js
FN:1,(anonymous_0)
FNF:1
FNH:1
FNDA:2,(anonymous_0)
DA:1,1
DA:2,2
DA:5,1
LF:3
LH:3
BRF:0
BRH:0
end_of_record
TN:
SF:subtract.js
FN:1,subtract
FNF:1
FNH:1
FNDA:1,subtract
DA:2,1
DA:5,1
LF:2
LH:2
BRF:0
BRH:0
end_of_record
TN:
SF:sum.js
FN:1,sum
FNF:1
FNH:1
FNDA:1,sum
DA:2,1
DA:4,1
LF:2
LH:2
BRF:0
BRH:0
end_of_record
TN:
SF:controller\admin\productController.js
FN:3,(anonymous_0)
FNF:1
FNH:1
FNDA:4,(anonymous_0)
DA:1,3
DA:3,3
DA:4,4
DA:6,4
DA:7,3
DA:12,1
DA:37,1
DA:40,1
DA:42,1
DA:47,0
DA:48,0
DA:116,3
LF:12
LH:10
BRDA:6,0,0,3
BRDA:6,0,1,1
BRDA:6,1,0,4
BRDA:6,1,1,2
BRDA:6,1,2,2
BRDA:6,1,3,2
BRF:6
BRH:6
end_of_record
TN:
SF:controller\auth\authController.js
FN:3,isEmail
FN:8,(anonymous_1)
FNF:2
FNH:2
FNDA:3,isEmail
FNDA:7,(anonymous_1)
DA:1,3
DA:4,3
DA:5,3
DA:8,3
DA:9,7
DA:11,7
DA:12,4
DA:18,3
DA:19,1
DA:24,2
DA:39,2
DA:40,2
DA:42,2
DA:43,1
DA:48,1
DA:52,1
DA:53,1
DA:59,0
DA:60,0
DA:66,3
LF:20
LH:18
BRDA:5,0,0,3
BRDA:5,0,1,3
BRDA:11,1,0,4
BRDA:11,1,1,3
BRDA:11,2,0,7
BRDA:11,2,1,4
BRDA:11,2,2,3
BRDA:18,3,0,1
BRDA:18,3,1,2
BRDA:42,4,0,1
BRDA:42,4,1,1
BRF:11
BRH:11
end_of_record
TN:
SF:database\connection.js
FN:18,(anonymous_0)
FNF:1
FNH:1
FNDA:3,(anonymous_0)
DA:2,3
DA:4,3
DA:18,3
DA:19,3
DA:20,0
DA:22,3
DA:28,3
LF:7
LH:6
BRDA:19,0,0,0
BRDA:19,0,1,3
BRF:2
BRH:1
end_of_record
TN:
SF:route\admin\productRoute.js
FNF:0
FNH:0
DA:1,3
DA:2,3
DA:3,3
DA:5,3
DA:7,3
LF:5
LH:5
BRF:0
BRH:0
end_of_record
TN:
SF:route\auth\authRoute.js
FNF:0
FNH:0
DA:1,3
DA:2,3
DA:3,3
DA:5,3
DA:7,3
LF:5
LH:5
BRF:0
BRH:0
end_of_record
